2019-03-06 12:19:18,753  [PID 12788]  INFO  [create_dir  temp_folder:already exists]
2019-03-06 12:19:18,753  [PID 12788]  INFO  [rnd_file_create  G:\_work\_program\_python\python/temp_folder/c4f4b2c0-9d2b-436a-9d72-8f655b71c71e.to  size= 6356487 bytes]
2019-03-06 12:19:18,769  [PID 12788]  INFO  [rnd_file_create  G:\_work\_program\_python\python/temp_folder/c4f4b2c0-9d2b-436a-9d72-8f655b71c71e.t01  size= 7473068 bytes]
2019-03-06 12:19:18,794  [PID 12788]  INFO  [rnd_file_create  G:\_work\_program\_python\python/temp_folder/c4f4b2c0-9d2b-436a-9d72-8f655b71c71e.t02  size= 206732 bytes]
2019-03-06 12:19:18,803  [PID 12788]  INFO  [rnd_file_create  G:\_work\_program\_python\python/temp_folder/c4f4b2c0-9d2b-436a-9d72-8f655b71c71e.t03  size= 5631005 bytes]
2019-03-06 12:19:18,813  [PID 12788]  INFO  [rnd_file_create  G:\_work\_program\_python\python/temp_folder/c4f4b2c0-9d2b-436a-9d72-8f655b71c71e.t04  size= 3841669 bytes]
2019-03-06 12:19:18,820  [PID 12788]  INFO  [rnd_file_create  G:\_work\_program\_python\python/temp_folder/c4f4b2c0-9d2b-436a-9d72-8f655b71c71e.t05  size= 3737415 bytes]
2019-03-06 12:19:18,825  [PID 12788]  INFO  [rnd_file_create  G:\_work\_program\_python\python/temp_folder/c4f4b2c0-9d2b-436a-9d72-8f655b71c71e.t06  size= 6787213 bytes]
2019-03-06 12:19:18,830  [PID 12788]  INFO  [rnd_file_create  G:\_work\_program\_python\python/temp_folder/c4f4b2c0-9d2b-436a-9d72-8f655b71c71e.t07  size= 982791 bytes]
2019-03-06 12:19:18,835  [PID 12788]  INFO  [rnd_file_create  G:\_work\_program\_python\python/temp_folder/c4f4b2c0-9d2b-436a-9d72-8f655b71c71e.t08  size= 5957311 bytes]
2019-03-06 12:19:18,841  [PID 12788]  INFO  [rnd_file_create  G:\_work\_program\_python\python/temp_folder/c4f4b2c0-9d2b-436a-9d72-8f655b71c71e.t09  size= 1698902 bytes]
2019-03-06 12:19:18,846  [PID 12788]  INFO  [rnd_file_create  G:\_work\_program\_python\python/temp_folder/c4f4b2c0-9d2b-436a-9d72-8f655b71c71e.t0A  size= 4209338 bytes]
2019-03-06 12:19:18,851  [PID 12788]  INFO  [rnd_file_create  G:\_work\_program\_python\python/temp_folder/c4f4b2c0-9d2b-436a-9d72-8f655b71c71e.t0B  size= 1773711 bytes]
2019-03-06 12:19:18,856  [PID 12788]  INFO  [rnd_file_create  G:\_work\_program\_python\python/temp_folder/c4f4b2c0-9d2b-436a-9d72-8f655b71c71e.t0C  size= 2255112 bytes]
2019-03-06 12:19:18,862  [PID 12788]  INFO  [rnd_file_create  G:\_work\_program\_python\python/temp_folder/c4f4b2c0-9d2b-436a-9d72-8f655b71c71e.t0D  size= 8664702 bytes]
2019-03-06 12:19:18,867  [PID 12788]  INFO  [rnd_file_create  G:\_work\_program\_python\python/temp_folder/c4f4b2c0-9d2b-436a-9d72-8f655b71c71e.t0E  size= 4781082 bytes]
2019-03-06 12:19:18,872  [PID 12788]  INFO  [rnd_file_create  G:\_work\_program\_python\python/temp_folder/c4f4b2c0-9d2b-436a-9d72-8f655b71c71e.t0F  size= 9089287 bytes]
2019-03-06 12:19:18,877  [PID 12788]  INFO  [main  read 16 files in temp_folder]
2019-03-06 12:19:18,884  [PID 12788]  INFO  [main  try upload c4f4b2c0-9d2b-436a-9d72-8f655b71c71e.t01 to ftp server]
2019-03-06 12:19:18,885  [PID 12788]  INFO  [upload_ftp  try connect to 10.200.12.228:21 ftp server]
2019-03-06 12:19:18,951  [PID 12788]  INFO  [upload_ftp  try login to ftp server]
2019-03-06 12:19:19,036  [PID 12788]  INFO  [upload_ftp  read file from temp_folder]
2019-03-06 12:19:19,036  [PID 12788]  INFO  [upload_ftp  try stor file to ftp server]
2019-03-06 12:19:19,669  [PID 12788]  INFO  [upload_ftp  file sended to ftp server]
2019-03-06 12:19:19,669  [PID 12788]  INFO  [create_dir  temp_folder_sended:already exists]
2019-03-06 12:19:19,669  [PID 12788]  INFO  [main  send file c4f4b2c0-9d2b-436a-9d72-8f655b71c71e.t01 to temp_folder_sended]
2019-03-06 12:19:19,669  [PID 12788]  INFO  [main  try upload c4f4b2c0-9d2b-436a-9d72-8f655b71c71e.t02 to ftp server]
2019-03-06 12:19:19,669  [PID 12788]  INFO  [upload_ftp  try connect to 10.200.12.228:21 ftp server]
2019-03-06 12:19:19,735  [PID 12788]  INFO  [upload_ftp  try login to ftp server]
2019-03-06 12:19:19,828  [PID 12788]  INFO  [upload_ftp  read file from temp_folder]
2019-03-06 12:19:19,828  [PID 12788]  INFO  [upload_ftp  try stor file to ftp server]
2019-03-06 12:19:19,853  [PID 12788]  INFO  [upload_ftp  file sended to ftp server]
2019-03-06 12:19:19,853  [PID 12788]  INFO  [create_dir  temp_folder_sended:already exists]
2019-03-06 12:19:19,853  [PID 12788]  INFO  [main  send file c4f4b2c0-9d2b-436a-9d72-8f655b71c71e.t02 to temp_folder_sended]
2019-03-06 12:19:19,853  [PID 12788]  INFO  [main  try upload c4f4b2c0-9d2b-436a-9d72-8f655b71c71e.t03 to ftp server]
2019-03-06 12:19:19,853  [PID 12788]  INFO  [upload_ftp  try connect to 10.200.12.228:21 ftp server]
2019-03-06 12:19:19,923  [PID 12788]  INFO  [upload_ftp  try login to ftp server]
2019-03-06 12:19:20,004  [PID 12788]  INFO  [upload_ftp  read file from temp_folder]
2019-03-06 12:19:20,004  [PID 12788]  INFO  [upload_ftp  try stor file to ftp server]
2019-03-06 12:19:20,486  [PID 12788]  INFO  [upload_ftp  file sended to ftp server]
2019-03-06 12:19:20,487  [PID 12788]  INFO  [create_dir  temp_folder_sended:already exists]
2019-03-06 12:19:20,487  [PID 12788]  INFO  [main  send file c4f4b2c0-9d2b-436a-9d72-8f655b71c71e.t03 to temp_folder_sended]
2019-03-06 12:19:20,488  [PID 12788]  INFO  [main  try upload c4f4b2c0-9d2b-436a-9d72-8f655b71c71e.t04 to ftp server]
2019-03-06 12:19:20,488  [PID 12788]  INFO  [upload_ftp  try connect to 10.200.12.228:21 ftp server]
2019-03-06 12:19:20,493  [PID 12788]  INFO  [upload_ftp  try login to ftp server]
2019-03-06 12:19:20,544  [PID 12788]  INFO  [upload_ftp  read file from temp_folder]
2019-03-06 12:19:20,545  [PID 12788]  INFO  [upload_ftp  try stor file to ftp server]
2019-03-06 12:19:20,870  [PID 12788]  INFO  [upload_ftp  file sended to ftp server]
2019-03-06 12:19:20,870  [PID 12788]  INFO  [create_dir  temp_folder_sended:already exists]
2019-03-06 12:19:20,870  [PID 12788]  INFO  [main  send file c4f4b2c0-9d2b-436a-9d72-8f655b71c71e.t04 to temp_folder_sended]
2019-03-06 12:19:20,870  [PID 12788]  INFO  [main  try upload c4f4b2c0-9d2b-436a-9d72-8f655b71c71e.t05 to ftp server]
2019-03-06 12:19:20,870  [PID 12788]  INFO  [upload_ftp  try connect to 10.200.12.228:21 ftp server]
2019-03-06 12:19:20,870  [PID 12788]  INFO  [upload_ftp  try login to ftp server]
2019-03-06 12:19:20,932  [PID 12788]  INFO  [upload_ftp  read file from temp_folder]
2019-03-06 12:19:20,933  [PID 12788]  INFO  [upload_ftp  try stor file to ftp server]
2019-03-06 12:19:21,255  [PID 12788]  INFO  [upload_ftp  file sended to ftp server]
2019-03-06 12:19:21,255  [PID 12788]  INFO  [create_dir  temp_folder_sended:already exists]
2019-03-06 12:19:21,255  [PID 12788]  INFO  [main  send file c4f4b2c0-9d2b-436a-9d72-8f655b71c71e.t05 to temp_folder_sended]
2019-03-06 12:19:21,255  [PID 12788]  INFO  [main  try upload c4f4b2c0-9d2b-436a-9d72-8f655b71c71e.t06 to ftp server]
2019-03-06 12:19:21,255  [PID 12788]  INFO  [upload_ftp  try connect to 10.200.12.228:21 ftp server]
2019-03-06 12:19:21,255  [PID 12788]  INFO  [upload_ftp  try login to ftp server]
2019-03-06 12:19:21,332  [PID 12788]  INFO  [upload_ftp  read file from temp_folder]
2019-03-06 12:19:21,333  [PID 12788]  INFO  [upload_ftp  try stor file to ftp server]
2019-03-06 12:19:21,903  [PID 12788]  INFO  [upload_ftp  file sended to ftp server]
2019-03-06 12:19:21,903  [PID 12788]  INFO  [create_dir  temp_folder_sended:already exists]
2019-03-06 12:19:21,903  [PID 12788]  INFO  [main  send file c4f4b2c0-9d2b-436a-9d72-8f655b71c71e.t06 to temp_folder_sended]
2019-03-06 12:19:21,903  [PID 12788]  INFO  [main  try upload c4f4b2c0-9d2b-436a-9d72-8f655b71c71e.t07 to ftp server]
2019-03-06 12:19:21,903  [PID 12788]  INFO  [upload_ftp  try connect to 10.200.12.228:21 ftp server]
2019-03-06 12:19:21,919  [PID 12788]  INFO  [upload_ftp  try login to ftp server]
2019-03-06 12:19:21,984  [PID 12788]  INFO  [upload_ftp  read file from temp_folder]
2019-03-06 12:19:21,984  [PID 12788]  INFO  [upload_ftp  try stor file to ftp server]
2019-03-06 12:19:22,061  [PID 12788]  INFO  [upload_ftp  file sended to ftp server]
2019-03-06 12:19:22,061  [PID 12788]  INFO  [create_dir  temp_folder_sended:already exists]
2019-03-06 12:19:22,061  [PID 12788]  INFO  [main  send file c4f4b2c0-9d2b-436a-9d72-8f655b71c71e.t07 to temp_folder_sended]
2019-03-06 12:19:22,076  [PID 12788]  INFO  [main  try upload c4f4b2c0-9d2b-436a-9d72-8f655b71c71e.t08 to ftp server]
2019-03-06 12:19:22,076  [PID 12788]  INFO  [upload_ftp  try connect to 10.200.12.228:21 ftp server]
2019-03-06 12:19:22,131  [PID 12788]  INFO  [upload_ftp  try login to ftp server]
2019-03-06 12:19:22,215  [PID 12788]  INFO  [upload_ftp  read file from temp_folder]
2019-03-06 12:19:22,216  [PID 12788]  INFO  [upload_ftp  try stor file to ftp server]
2019-03-06 12:19:22,728  [PID 12788]  INFO  [upload_ftp  file sended to ftp server]
2019-03-06 12:19:22,728  [PID 12788]  INFO  [create_dir  temp_folder_sended:already exists]
2019-03-06 12:19:22,728  [PID 12788]  INFO  [main  send file c4f4b2c0-9d2b-436a-9d72-8f655b71c71e.t08 to temp_folder_sended]
2019-03-06 12:19:22,728  [PID 12788]  INFO  [main  try upload c4f4b2c0-9d2b-436a-9d72-8f655b71c71e.t09 to ftp server]
2019-03-06 12:19:22,728  [PID 12788]  INFO  [upload_ftp  try connect to 10.200.12.228:21 ftp server]
2019-03-06 12:19:22,728  [PID 12788]  INFO  [upload_ftp  try login to ftp server]
2019-03-06 12:19:22,788  [PID 12788]  INFO  [upload_ftp  read file from temp_folder]
2019-03-06 12:19:22,789  [PID 12788]  INFO  [upload_ftp  try stor file to ftp server]
2019-03-06 12:19:22,940  [PID 12788]  INFO  [upload_ftp  file sended to ftp server]
2019-03-06 12:19:22,940  [PID 12788]  INFO  [create_dir  temp_folder_sended:already exists]
2019-03-06 12:19:22,940  [PID 12788]  INFO  [main  send file c4f4b2c0-9d2b-436a-9d72-8f655b71c71e.t09 to temp_folder_sended]
2019-03-06 12:19:22,940  [PID 12788]  INFO  [main  try upload c4f4b2c0-9d2b-436a-9d72-8f655b71c71e.t0A to ftp server]
2019-03-06 12:19:22,940  [PID 12788]  INFO  [upload_ftp  try connect to 10.200.12.228:21 ftp server]
2019-03-06 12:19:22,956  [PID 12788]  INFO  [upload_ftp  try login to ftp server]
2019-03-06 12:19:23,007  [PID 12788]  INFO  [upload_ftp  read file from temp_folder]
2019-03-06 12:19:23,008  [PID 12788]  INFO  [upload_ftp  try stor file to ftp server]
2019-03-06 12:19:23,373  [PID 12788]  INFO  [upload_ftp  file sended to ftp server]
2019-03-06 12:19:23,373  [PID 12788]  INFO  [create_dir  temp_folder_sended:already exists]
2019-03-06 12:19:23,373  [PID 12788]  INFO  [main  send file c4f4b2c0-9d2b-436a-9d72-8f655b71c71e.t0A to temp_folder_sended]
2019-03-06 12:19:23,373  [PID 12788]  INFO  [main  try upload c4f4b2c0-9d2b-436a-9d72-8f655b71c71e.t0B to ftp server]
2019-03-06 12:19:23,373  [PID 12788]  INFO  [upload_ftp  try connect to 10.200.12.228:21 ftp server]
2019-03-06 12:19:23,373  [PID 12788]  INFO  [upload_ftp  try login to ftp server]
2019-03-06 12:19:23,444  [PID 12788]  INFO  [upload_ftp  read file from temp_folder]
2019-03-06 12:19:23,446  [PID 12788]  INFO  [upload_ftp  try stor file to ftp server]
2019-03-06 12:19:23,595  [PID 12788]  INFO  [upload_ftp  file sended to ftp server]
2019-03-06 12:19:23,595  [PID 12788]  INFO  [create_dir  temp_folder_sended:already exists]
2019-03-06 12:19:23,595  [PID 12788]  INFO  [main  send file c4f4b2c0-9d2b-436a-9d72-8f655b71c71e.t0B to temp_folder_sended]
2019-03-06 12:19:23,595  [PID 12788]  INFO  [main  try upload c4f4b2c0-9d2b-436a-9d72-8f655b71c71e.t0C to ftp server]
2019-03-06 12:19:23,595  [PID 12788]  INFO  [upload_ftp  try connect to 10.200.12.228:21 ftp server]
2019-03-06 12:19:23,611  [PID 12788]  INFO  [upload_ftp  try login to ftp server]
2019-03-06 12:19:23,662  [PID 12788]  INFO  [upload_ftp  read file from temp_folder]
2019-03-06 12:19:23,662  [PID 12788]  INFO  [upload_ftp  try stor file to ftp server]
2019-03-06 12:19:23,858  [PID 12788]  INFO  [upload_ftp  file sended to ftp server]
2019-03-06 12:19:23,858  [PID 12788]  INFO  [create_dir  temp_folder_sended:already exists]
2019-03-06 12:19:23,858  [PID 12788]  INFO  [main  send file c4f4b2c0-9d2b-436a-9d72-8f655b71c71e.t0C to temp_folder_sended]
2019-03-06 12:19:23,858  [PID 12788]  INFO  [main  try upload c4f4b2c0-9d2b-436a-9d72-8f655b71c71e.t0D to ftp server]
2019-03-06 12:19:23,858  [PID 12788]  INFO  [upload_ftp  try connect to 10.200.12.228:21 ftp server]
2019-03-06 12:19:23,858  [PID 12788]  INFO  [upload_ftp  try login to ftp server]
2019-03-06 12:19:23,919  [PID 12788]  INFO  [upload_ftp  read file from temp_folder]
2019-03-06 12:19:23,920  [PID 12788]  INFO  [upload_ftp  try stor file to ftp server]
2019-03-06 12:19:24,657  [PID 12788]  INFO  [upload_ftp  file sended to ftp server]
2019-03-06 12:19:24,658  [PID 12788]  INFO  [create_dir  temp_folder_sended:already exists]
2019-03-06 12:19:24,658  [PID 12788]  INFO  [main  send file c4f4b2c0-9d2b-436a-9d72-8f655b71c71e.t0D to temp_folder_sended]
2019-03-06 12:19:24,658  [PID 12788]  INFO  [main  try upload c4f4b2c0-9d2b-436a-9d72-8f655b71c71e.t0E to ftp server]
2019-03-06 12:19:24,658  [PID 12788]  INFO  [upload_ftp  try connect to 10.200.12.228:21 ftp server]
2019-03-06 12:19:24,658  [PID 12788]  INFO  [upload_ftp  try login to ftp server]
2019-03-06 12:19:24,715  [PID 12788]  INFO  [upload_ftp  read file from temp_folder]
2019-03-06 12:19:24,716  [PID 12788]  INFO  [upload_ftp  try stor file to ftp server]
2019-03-06 12:19:25,121  [PID 12788]  INFO  [upload_ftp  file sended to ftp server]
2019-03-06 12:19:25,121  [PID 12788]  INFO  [create_dir  temp_folder_sended:already exists]
2019-03-06 12:19:25,121  [PID 12788]  INFO  [main  send file c4f4b2c0-9d2b-436a-9d72-8f655b71c71e.t0E to temp_folder_sended]
2019-03-06 12:19:25,121  [PID 12788]  INFO  [main  try upload c4f4b2c0-9d2b-436a-9d72-8f655b71c71e.t0F to ftp server]
2019-03-06 12:19:25,121  [PID 12788]  INFO  [upload_ftp  try connect to 10.200.12.228:21 ftp server]
2019-03-06 12:19:25,184  [PID 12788]  INFO  [upload_ftp  try login to ftp server]
2019-03-06 12:19:25,260  [PID 12788]  INFO  [upload_ftp  read file from temp_folder]
2019-03-06 12:19:25,261  [PID 12788]  INFO  [upload_ftp  try stor file to ftp server]
2019-03-06 12:19:26,021  [PID 12788]  INFO  [upload_ftp  file sended to ftp server]
2019-03-06 12:19:26,021  [PID 12788]  INFO  [create_dir  temp_folder_sended:already exists]
2019-03-06 12:19:26,021  [PID 12788]  INFO  [main  send file c4f4b2c0-9d2b-436a-9d72-8f655b71c71e.t0F to temp_folder_sended]
2019-03-06 12:19:26,037  [PID 12788]  INFO  [main  try upload c4f4b2c0-9d2b-436a-9d72-8f655b71c71e.to to ftp server]
2019-03-06 12:19:26,037  [PID 12788]  INFO  [upload_ftp  try connect to 10.200.12.228:21 ftp server]
2019-03-06 12:19:26,091  [PID 12788]  INFO  [upload_ftp  try login to ftp server]
2019-03-06 12:19:26,176  [PID 12788]  INFO  [upload_ftp  read file from temp_folder]
2019-03-06 12:19:26,176  [PID 12788]  INFO  [upload_ftp  try stor file to ftp server]
2019-03-06 12:19:26,723  [PID 12788]  INFO  [upload_ftp  file sended to ftp server]
2019-03-06 12:19:26,724  [PID 12788]  INFO  [create_dir  temp_folder_sended:already exists]
2019-03-06 12:19:26,724  [PID 12788]  INFO  [main  send file c4f4b2c0-9d2b-436a-9d72-8f655b71c71e.to to temp_folder_sended]
2019-03-06 18:58:15,837  [PID 4620]  INFO  [sql_connect  try connect to SQL Server:10.200.12.223]
2019-03-06 18:58:40,980  [PID 5916]  INFO  [sql_connect  try connect to SQL Server:10.200.12.223]
2019-03-06 19:00:23,513  [PID 9060]  INFO  [sql_connect  try connect to SQL Server:10.200.12.223]
2019-03-06 19:00:45,596  [PID 9288]  INFO  [sql_connect  try connect to SQL Server:10.200.12.223]
2019-03-06 19:05:33,239  [PID 9424]  INFO  [sql_connect  try connect to SQL Server:10.200.12.223]
