2019-03-01 19:53:56,013  [PID 4572]  INFO  [create_dir  ./temp_folder:already exists]
2019-03-01 19:54:56,251  [PID 7420]  INFO  [create_dir  ./temp_folder:already exists]
2019-03-01 19:56:37,015  [PID 8724]  INFO  [create_dir  ./temp_folder:already exists]
2019-03-01 19:57:31,940  [PID 8584]  INFO  [create_dir  ./temp_folder:already exists]
2019-03-01 19:57:31,942  [PID 8584]  INFO  [created file ./temp_folder/4d5771a2-9bd3-466c-8b2a-9d3c7d0b32c6.do size= 8575277 bytes]
2019-03-01 19:57:31,945  [PID 8584]  INFO  [created file ./temp_folder/4d5771a2-9bd3-466c-8b2a-9d3c7d0b32c6.d01 size= 295214 bytes]
2019-03-01 19:57:31,947  [PID 8584]  INFO  [created file ./temp_folder/4d5771a2-9bd3-466c-8b2a-9d3c7d0b32c6.d02 size= 4779525 bytes]
2019-03-01 19:57:31,950  [PID 8584]  INFO  [created file ./temp_folder/4d5771a2-9bd3-466c-8b2a-9d3c7d0b32c6.d03 size= 7580392 bytes]
2019-03-01 19:57:31,952  [PID 8584]  INFO  [created file ./temp_folder/4d5771a2-9bd3-466c-8b2a-9d3c7d0b32c6.d04 size= 6469679 bytes]
2019-03-01 19:57:31,955  [PID 8584]  INFO  [created file ./temp_folder/4d5771a2-9bd3-466c-8b2a-9d3c7d0b32c6.d05 size= 7136160 bytes]
2019-03-01 19:57:31,957  [PID 8584]  INFO  [created file ./temp_folder/4d5771a2-9bd3-466c-8b2a-9d3c7d0b32c6.d06 size= 1532388 bytes]
2019-03-01 19:57:31,963  [PID 8584]  INFO  [created file ./temp_folder/4d5771a2-9bd3-466c-8b2a-9d3c7d0b32c6.d07 size= 1091054 bytes]
2019-03-01 19:57:31,966  [PID 8584]  INFO  [created file ./temp_folder/4d5771a2-9bd3-466c-8b2a-9d3c7d0b32c6.d08 size= 4870771 bytes]
2019-03-01 19:57:31,970  [PID 8584]  INFO  [created file ./temp_folder/4d5771a2-9bd3-466c-8b2a-9d3c7d0b32c6.d09 size= 9553073 bytes]
2019-03-01 19:57:31,974  [PID 8584]  INFO  [created file ./temp_folder/4d5771a2-9bd3-466c-8b2a-9d3c7d0b32c6.d0A size= 4614835 bytes]
2019-03-01 19:57:31,977  [PID 8584]  INFO  [created file ./temp_folder/4d5771a2-9bd3-466c-8b2a-9d3c7d0b32c6.d0B size= 7943876 bytes]
2019-03-01 19:57:31,981  [PID 8584]  INFO  [created file ./temp_folder/4d5771a2-9bd3-466c-8b2a-9d3c7d0b32c6.d0C size= 6142598 bytes]
2019-03-01 19:57:31,983  [PID 8584]  INFO  [created file ./temp_folder/4d5771a2-9bd3-466c-8b2a-9d3c7d0b32c6.d0D size= 971630 bytes]
2019-03-01 19:57:31,984  [PID 8584]  INFO  [created file ./temp_folder/4d5771a2-9bd3-466c-8b2a-9d3c7d0b32c6.d0E size= 5975572 bytes]
2019-03-01 19:57:31,986  [PID 8584]  INFO  [created file ./temp_folder/4d5771a2-9bd3-466c-8b2a-9d3c7d0b32c6.d0F size= 8592275 bytes]
2019-03-01 19:58:30,159  [PID 14456]  INFO  [create_dir  ./temp_folder:already exists]
2019-03-01 19:58:30,161  [PID 14456]  INFO  [created file  ./temp_folder/cd58e2a0-4482-4742-b220-7b9607464040.to  size= 4146151 bytes]
2019-03-01 19:58:30,164  [PID 14456]  INFO  [created file  ./temp_folder/cd58e2a0-4482-4742-b220-7b9607464040.t01  size= 2334591 bytes]
2019-03-01 19:58:30,167  [PID 14456]  INFO  [created file  ./temp_folder/cd58e2a0-4482-4742-b220-7b9607464040.t02  size= 1352587 bytes]
2019-03-01 19:58:30,169  [PID 14456]  INFO  [created file  ./temp_folder/cd58e2a0-4482-4742-b220-7b9607464040.t03  size= 1709976 bytes]
2019-03-01 19:58:30,171  [PID 14456]  INFO  [created file  ./temp_folder/cd58e2a0-4482-4742-b220-7b9607464040.t04  size= 177970 bytes]
2019-03-01 19:58:30,174  [PID 14456]  INFO  [created file  ./temp_folder/cd58e2a0-4482-4742-b220-7b9607464040.t05  size= 8449171 bytes]
2019-03-01 19:58:30,177  [PID 14456]  INFO  [created file  ./temp_folder/cd58e2a0-4482-4742-b220-7b9607464040.t06  size= 5862477 bytes]
2019-03-01 19:58:30,178  [PID 14456]  INFO  [created file  ./temp_folder/cd58e2a0-4482-4742-b220-7b9607464040.t07  size= 5466133 bytes]
2019-03-01 19:58:30,181  [PID 14456]  INFO  [created file  ./temp_folder/cd58e2a0-4482-4742-b220-7b9607464040.t08  size= 4761040 bytes]
2019-03-01 19:58:30,183  [PID 14456]  INFO  [created file  ./temp_folder/cd58e2a0-4482-4742-b220-7b9607464040.t09  size= 904154 bytes]
2019-03-01 19:58:30,184  [PID 14456]  INFO  [created file  ./temp_folder/cd58e2a0-4482-4742-b220-7b9607464040.t0A  size= 706301 bytes]
2019-03-01 19:58:30,185  [PID 14456]  INFO  [created file  ./temp_folder/cd58e2a0-4482-4742-b220-7b9607464040.t0B  size= 5058890 bytes]
2019-03-01 19:58:30,187  [PID 14456]  INFO  [created file  ./temp_folder/cd58e2a0-4482-4742-b220-7b9607464040.t0C  size= 2756631 bytes]
2019-03-01 19:58:30,188  [PID 14456]  INFO  [created file  ./temp_folder/cd58e2a0-4482-4742-b220-7b9607464040.t0D  size= 8879168 bytes]
2019-03-01 19:58:30,189  [PID 14456]  INFO  [created file  ./temp_folder/cd58e2a0-4482-4742-b220-7b9607464040.t0E  size= 4983610 bytes]
2019-03-01 19:58:30,191  [PID 14456]  INFO  [created file  ./temp_folder/cd58e2a0-4482-4742-b220-7b9607464040.t0F  size= 4053741 bytes]
2019-03-01 20:15:09,890  [PID 15208]  INFO  [create_dir  ./temp_folder:already exists]
2019-03-01 20:15:09,893  [PID 15208]  INFO  [rnd_file_create  ./temp_folder/a923ff63-7d16-49b9-a458-4ad6d8bed73d.to  size= 2405128 bytes]
2019-03-01 20:15:09,895  [PID 15208]  INFO  [rnd_file_create  ./temp_folder/a923ff63-7d16-49b9-a458-4ad6d8bed73d.t01  size= 1751795 bytes]
2019-03-01 20:15:09,898  [PID 15208]  INFO  [rnd_file_create  ./temp_folder/a923ff63-7d16-49b9-a458-4ad6d8bed73d.t02  size= 1511054 bytes]
2019-03-01 20:15:09,900  [PID 15208]  INFO  [rnd_file_create  ./temp_folder/a923ff63-7d16-49b9-a458-4ad6d8bed73d.t03  size= 7953900 bytes]
2019-03-01 20:15:09,902  [PID 15208]  INFO  [rnd_file_create  ./temp_folder/a923ff63-7d16-49b9-a458-4ad6d8bed73d.t04  size= 7960983 bytes]
2019-03-01 20:15:09,905  [PID 15208]  INFO  [rnd_file_create  ./temp_folder/a923ff63-7d16-49b9-a458-4ad6d8bed73d.t05  size= 9170448 bytes]
2019-03-01 20:15:09,907  [PID 15208]  INFO  [rnd_file_create  ./temp_folder/a923ff63-7d16-49b9-a458-4ad6d8bed73d.t06  size= 4692055 bytes]
2019-03-01 20:15:09,908  [PID 15208]  INFO  [rnd_file_create  ./temp_folder/a923ff63-7d16-49b9-a458-4ad6d8bed73d.t07  size= 5744413 bytes]
2019-03-01 20:15:09,910  [PID 15208]  INFO  [rnd_file_create  ./temp_folder/a923ff63-7d16-49b9-a458-4ad6d8bed73d.t08  size= 2090854 bytes]
2019-03-01 20:15:09,911  [PID 15208]  INFO  [rnd_file_create  ./temp_folder/a923ff63-7d16-49b9-a458-4ad6d8bed73d.t09  size= 2992222 bytes]
2019-03-01 20:15:09,912  [PID 15208]  INFO  [rnd_file_create  ./temp_folder/a923ff63-7d16-49b9-a458-4ad6d8bed73d.t0A  size= 5240414 bytes]
2019-03-01 20:15:09,913  [PID 15208]  INFO  [rnd_file_create  ./temp_folder/a923ff63-7d16-49b9-a458-4ad6d8bed73d.t0B  size= 8158804 bytes]
2019-03-01 20:15:09,914  [PID 15208]  INFO  [rnd_file_create  ./temp_folder/a923ff63-7d16-49b9-a458-4ad6d8bed73d.t0C  size= 4880219 bytes]
2019-03-01 20:15:09,916  [PID 15208]  INFO  [rnd_file_create  ./temp_folder/a923ff63-7d16-49b9-a458-4ad6d8bed73d.t0D  size= 3882726 bytes]
2019-03-01 20:15:09,917  [PID 15208]  INFO  [rnd_file_create  ./temp_folder/a923ff63-7d16-49b9-a458-4ad6d8bed73d.t0E  size= 1407948 bytes]
2019-03-01 20:15:09,918  [PID 15208]  INFO  [rnd_file_create  ./temp_folder/a923ff63-7d16-49b9-a458-4ad6d8bed73d.t0F  size= 683006 bytes]
2019-03-01 20:16:26,932  [PID 456]  INFO  [ create_dir  ./temp_folder:already exists]
2019-03-01 20:16:26,934  [PID 456]  INFO  [ rnd_file_create  ./temp_folder/533084c9-b735-475e-bda5-00864cdca970.do  size= 2914454 bytes]
2019-03-01 20:16:26,966  [PID 456]  INFO  [ rnd_file_create  ./temp_folder/533084c9-b735-475e-bda5-00864cdca970.d01  size= 4556321 bytes]
2019-03-01 20:16:26,968  [PID 456]  INFO  [ rnd_file_create  ./temp_folder/533084c9-b735-475e-bda5-00864cdca970.d02  size= 4390773 bytes]
2019-03-01 20:16:26,969  [PID 456]  INFO  [ rnd_file_create  ./temp_folder/533084c9-b735-475e-bda5-00864cdca970.d03  size= 9196483 bytes]
2019-03-01 20:16:26,970  [PID 456]  INFO  [ rnd_file_create  ./temp_folder/533084c9-b735-475e-bda5-00864cdca970.d04  size= 7914916 bytes]
2019-03-01 20:16:26,972  [PID 456]  INFO  [ rnd_file_create  ./temp_folder/533084c9-b735-475e-bda5-00864cdca970.d05  size= 8114286 bytes]
2019-03-01 20:16:26,974  [PID 456]  INFO  [ rnd_file_create  ./temp_folder/533084c9-b735-475e-bda5-00864cdca970.d06  size= 3754109 bytes]
2019-03-01 20:16:26,975  [PID 456]  INFO  [ rnd_file_create  ./temp_folder/533084c9-b735-475e-bda5-00864cdca970.d07  size= 5306975 bytes]
2019-03-01 20:16:26,976  [PID 456]  INFO  [ rnd_file_create  ./temp_folder/533084c9-b735-475e-bda5-00864cdca970.d08  size= 270770 bytes]
2019-03-01 20:16:26,977  [PID 456]  INFO  [ rnd_file_create  ./temp_folder/533084c9-b735-475e-bda5-00864cdca970.d09  size= 5658833 bytes]
2019-03-01 20:16:26,978  [PID 456]  INFO  [ rnd_file_create  ./temp_folder/533084c9-b735-475e-bda5-00864cdca970.d0A  size= 5279660 bytes]
2019-03-01 20:16:26,979  [PID 456]  INFO  [ rnd_file_create  ./temp_folder/533084c9-b735-475e-bda5-00864cdca970.d0B  size= 5595441 bytes]
2019-03-01 20:16:26,980  [PID 456]  INFO  [ rnd_file_create  ./temp_folder/533084c9-b735-475e-bda5-00864cdca970.d0C  size= 9217986 bytes]
2019-03-01 20:16:26,982  [PID 456]  INFO  [ rnd_file_create  ./temp_folder/533084c9-b735-475e-bda5-00864cdca970.d0D  size= 7488024 bytes]
2019-03-01 20:16:26,983  [PID 456]  INFO  [ rnd_file_create  ./temp_folder/533084c9-b735-475e-bda5-00864cdca970.d0E  size= 2552809 bytes]
2019-03-01 20:16:26,984  [PID 456]  INFO  [ rnd_file_create  ./temp_folder/533084c9-b735-475e-bda5-00864cdca970.d0F  size= 2897791 bytes]
